<?xml version="1.0" encoding="UTF-8"?>
<!-- Generated by org.testng.reporters.JUnitXMLReporter -->
<testsuite ignored="0" hostname="DESKTOP-7Q50VHC" failures="1" tests="5" name="Test" time="48.383" errors="0" timestamp="2022-07-03T14:45:34 EEST">
  <testcase classname="TestProjects.CheckoutTest" name="addToCart" time="10.175"/>
  <testcase classname="TestProjects.MainPageTest" name="checkCart" time="10.172">
    <failure type="org.junit.ComparisonFailure" message="expected:&amp;lt;You[r] cart is empty!&amp;gt; but was:&amp;lt;You[] cart is empty!&amp;gt;">
      <![CDATA[org.junit.ComparisonFailure: expected:<You[r] cart is empty!> but was:<You[] cart is empty!>
at org.junit.Assert.assertEquals(Assert.java:115)
at org.junit.Assert.assertEquals(Assert.java:144)
at TestProjects.MainPageTest.checkCart(MainPageTest.java:98)
at java.base/java.util.ArrayList.forEach(ArrayList.java:1511)
... Removed 29 stack frames]]>
    </failure>
  </testcase> <!-- checkCart -->
  <testcase classname="TestProjects.MainPageTest" name="checkItems" time="6.211"/>
  <testcase classname="TestProjects.MainPageTest" name="multiAddProducts" time="1.7"/>
  <testcase classname="TestProjects.MainPageTest" name="testSearchBar" time="2.335"/>
</testsuite> <!-- Test -->
